<?xml version="1.0" encoding="UTF-8"?>
<testsuite xmlns:xsi="http://www.w3.org/2001/XMLSchema-instance" xsi:noNamespaceSchemaLocation="https://maven.apache.org/surefire/maven-surefire-plugin/xsd/surefire-test-report-3.0.xsd" version="3.0" name="com.mycompany.projectlogin.loginTest" time="1.554" tests="11" errors="11" skipped="0" failures="0">
  <properties>
[...]
</properties>
  <testcase name="testReturnLoginStatus_SuccessfulLogin" classname="com.mycompany.projectlogin.loginTest" time="0.725">
    <error message="Cannot assign field &quot;firstName&quot; because &quot;this.loginSystem&quot; is null" type="java.lang.NullPointerException"><![CDATA[java.lang.NullPointerException: Cannot assign field "firstName" because "this.loginSystem" is null
	at com.mycompany.projectlogin.loginTest.testReturnLoginStatus_SuccessfulLogin(loginTest.java:73)
	at java.base/java.lang.reflect.Method.invoke(Method.java:580)
	at java.base/java.util.ArrayList.forEach(ArrayList.java:1597)
	at java.base/java.util.ArrayList.forEach(ArrayList.java:1597)
]]></error>
  </testcase>
  <testcase name="testLoginUser_SuccessfulLogin" classname="com.mycompany.projectlogin.loginTest" time="0.009">
    <error message="Cannot invoke &quot;com.mycompany.projectlogin.login.createAccount(String, String, String, String)&quot; because &quot;this.loginSystem&quot; is null" type="java.lang.NullPointerException"><![CDATA[java.lang.NullPointerException: Cannot invoke "com.mycompany.projectlogin.login.createAccount(String, String, String, String)" because "this.loginSystem" is null
	at com.mycompany.projectlogin.loginTest.testLoginUser_SuccessfulLogin(loginTest.java:61)
	at java.base/java.lang.reflect.Method.invoke(Method.java:580)
	at java.base/java.util.ArrayList.forEach(ArrayList.java:1597)
	at java.base/java.util.ArrayList.forEach(ArrayList.java:1597)
]]></error>
  </testcase>
  <testcase name="testLoginUser_UnsuccessfulLogin" classname="com.mycompany.projectlogin.loginTest" time="0.019">
    <error message="Cannot invoke &quot;com.mycompany.projectlogin.login.createAccount(String, String, String, String)&quot; because &quot;this.loginSystem&quot; is null" type="java.lang.NullPointerException"><![CDATA[java.lang.NullPointerException: Cannot invoke "com.mycompany.projectlogin.login.createAccount(String, String, String, String)" because "this.loginSystem" is null
	at com.mycompany.projectlogin.loginTest.testLoginUser_UnsuccessfulLogin(loginTest.java:67)
	at java.base/java.lang.reflect.Method.invoke(Method.java:580)
	at java.base/java.util.ArrayList.forEach(ArrayList.java:1597)
	at java.base/java.util.ArrayList.forEach(ArrayList.java:1597)
]]></error>
  </testcase>
  <testcase name="testCheckPasswordComplexity_ValidPassword" classname="com.mycompany.projectlogin.loginTest" time="0.02">
    <error message="Cannot assign field &quot;password&quot; because &quot;this.loginSystem&quot; is null" type="java.lang.NullPointerException"><![CDATA[java.lang.NullPointerException: Cannot assign field "password" because "this.loginSystem" is null
	at com.mycompany.projectlogin.loginTest.testCheckPasswordComplexity_ValidPassword(loginTest.java:25)
	at java.base/java.lang.reflect.Method.invoke(Method.java:580)
	at java.base/java.util.ArrayList.forEach(ArrayList.java:1597)
	at java.base/java.util.ArrayList.forEach(ArrayList.java:1597)
]]></error>
  </testcase>
  <testcase name="testRegisterUser_ValidUsernameAndPassword" classname="com.mycompany.projectlogin.loginTest" time="0.016">
    <error message="Cannot assign field &quot;username&quot; because &quot;this.loginSystem&quot; is null" type="java.lang.NullPointerException"><![CDATA[java.lang.NullPointerException: Cannot assign field "username" because "this.loginSystem" is null
	at com.mycompany.projectlogin.loginTest.testRegisterUser_ValidUsernameAndPassword(loginTest.java:37)
	at java.base/java.lang.reflect.Method.invoke(Method.java:580)
	at java.base/java.util.ArrayList.forEach(ArrayList.java:1597)
	at java.base/java.util.ArrayList.forEach(ArrayList.java:1597)
]]></error>
  </testcase>
  <testcase name="testRegisterUser_InvalidUsername" classname="com.mycompany.projectlogin.loginTest" time="0.049">
    <error message="Cannot assign field &quot;username&quot; because &quot;this.loginSystem&quot; is null" type="java.lang.NullPointerException"><![CDATA[java.lang.NullPointerException: Cannot assign field "username" because "this.loginSystem" is null
	at com.mycompany.projectlogin.loginTest.testRegisterUser_InvalidUsername(loginTest.java:45)
	at java.base/java.lang.reflect.Method.invoke(Method.java:580)
	at java.base/java.util.ArrayList.forEach(ArrayList.java:1597)
	at java.base/java.util.ArrayList.forEach(ArrayList.java:1597)
]]></error>
  </testcase>
  <testcase name="testReturnLoginStatus_UnsuccessfulLogin" classname="com.mycompany.projectlogin.loginTest" time="0.073">
    <error message="Cannot invoke &quot;com.mycompany.projectlogin.login.returnLoginStatus(boolean)&quot; because &quot;this.loginSystem&quot; is null" type="java.lang.NullPointerException"><![CDATA[java.lang.NullPointerException: Cannot invoke "com.mycompany.projectlogin.login.returnLoginStatus(boolean)" because "this.loginSystem" is null
	at com.mycompany.projectlogin.loginTest.testReturnLoginStatus_UnsuccessfulLogin(loginTest.java:82)
	at java.base/java.lang.reflect.Method.invoke(Method.java:580)
	at java.base/java.util.ArrayList.forEach(ArrayList.java:1597)
	at java.base/java.util.ArrayList.forEach(ArrayList.java:1597)
]]></error>
  </testcase>
  <testcase name="testCheckUsername_ValidUsername" classname="com.mycompany.projectlogin.loginTest" time="0.012">
    <error message="Cannot assign field &quot;username&quot; because &quot;this.loginSystem&quot; is null" type="java.lang.NullPointerException"><![CDATA[java.lang.NullPointerException: Cannot assign field "username" because "this.loginSystem" is null
	at com.mycompany.projectlogin.loginTest.testCheckUsername_ValidUsername(loginTest.java:13)
	at java.base/java.lang.reflect.Method.invoke(Method.java:580)
	at java.base/java.util.ArrayList.forEach(ArrayList.java:1597)
	at java.base/java.util.ArrayList.forEach(ArrayList.java:1597)
]]></error>
  </testcase>
  <testcase name="testCheckPasswordComplexity_InvalidPassword" classname="com.mycompany.projectlogin.loginTest" time="0.005">
    <error message="Cannot assign field &quot;password&quot; because &quot;this.loginSystem&quot; is null" type="java.lang.NullPointerException"><![CDATA[java.lang.NullPointerException: Cannot assign field "password" because "this.loginSystem" is null
	at com.mycompany.projectlogin.loginTest.testCheckPasswordComplexity_InvalidPassword(loginTest.java:31)
	at java.base/java.lang.reflect.Method.invoke(Method.java:580)
	at java.base/java.util.ArrayList.forEach(ArrayList.java:1597)
	at java.base/java.util.ArrayList.forEach(ArrayList.java:1597)
]]></error>
  </testcase>
  <testcase name="testRegisterUser_InvalidPassword" classname="com.mycompany.projectlogin.loginTest" time="0.04">
    <error message="Cannot assign field &quot;username&quot; because &quot;this.loginSystem&quot; is null" type="java.lang.NullPointerException"><![CDATA[java.lang.NullPointerException: Cannot assign field "username" because "this.loginSystem" is null
	at com.mycompany.projectlogin.loginTest.testRegisterUser_InvalidPassword(loginTest.java:53)
	at java.base/java.lang.reflect.Method.invoke(Method.java:580)
	at java.base/java.util.ArrayList.forEach(ArrayList.java:1597)
	at java.base/java.util.ArrayList.forEach(ArrayList.java:1597)
]]></error>
  </testcase>
  <testcase name="testCheckUsername_InvalidUsername" classname="com.mycompany.projectlogin.loginTest" time="0.008">
    <error message="Cannot assign field &quot;username&quot; because &quot;this.loginSystem&quot; is null" type="java.lang.NullPointerException"><![CDATA[java.lang.NullPointerException: Cannot assign field "username" because "this.loginSystem" is null
	at com.mycompany.projectlogin.loginTest.testCheckUsername_InvalidUsername(loginTest.java:19)
	at java.base/java.lang.reflect.Method.invoke(Method.java:580)
	at java.base/java.util.ArrayList.forEach(ArrayList.java:1597)
	at java.base/java.util.ArrayList.forEach(ArrayList.java:1597)
]]></error>
  </testcase>
</testsuite>