<?xml version="1.0" encoding="UTF-8"?>
<testsuite xmlns:xsi="http://www.w3.org/2001/XMLSchema-instance" xsi:noNamespaceSchemaLocation="https://maven.apache.org/surefire/maven-surefire-plugin/xsd/surefire-test-report-3.0.xsd" version="3.0" name="com.mycompany.projectlogin.loginTest" time="1.554" tests="11" errors="11" skipped="0" failures="0">
  <properties>
    <property name="java.specification.version" value="22"/>
    <property name="sun.cpu.isalist" value="amd64"/>
    <property name="sun.jnu.encoding" value="Cp1252"/>
    <property name="java.class.path" value="C:\Users\thand\OneDrive\Documents\NetBeansProjects\ST10444698 Thando Thuleleni  Maluleke POE Part  1\target\test-classes;C:\Users\thand\OneDrive\Documents\NetBeansProjects\ST10444698 Thando Thuleleni  Maluleke POE Part  1\target\classes;C:\Users\thand\.m2\repository\junit\junit\4.13.2\junit-4.13.2.jar;C:\Users\thand\.m2\repository\org\hamcrest\hamcrest-core\1.3\hamcrest-core-1.3.jar;C:\Users\thand\.m2\repository\com\simple\simplespec_2.10.2\0.8.4\simplespec_2.10.2-0.8.4.jar;C:\Users\thand\.m2\repository\org\scala-lang\scala-library\2.10.2\scala-library-2.10.2.jar;C:\Users\thand\.m2\repository\org\mockito\mockito-all\1.9.5\mockito-all-1.9.5.jar;C:\Users\thand\.m2\repository\org\scalacheck\scalacheck_2.10\1.10.1\scalacheck_2.10-1.10.1.jar;C:\Users\thand\.m2\repository\org\scala-tools\testing\test-interface\0.5\test-interface-0.5.jar;C:\Users\thand\.m2\repository\org\scala-lang\scala-actors\2.10.1\scala-actors-2.10.1.jar;C:\Users\thand\.m2\repository\org\junit\jupiter\junit-jupiter-api\5.11.1\junit-jupiter-api-5.11.1.jar;C:\Users\thand\.m2\repository\org\opentest4j\opentest4j\1.3.0\opentest4j-1.3.0.jar;C:\Users\thand\.m2\repository\org\junit\platform\junit-platform-commons\1.11.1\junit-platform-commons-1.11.1.jar;C:\Users\thand\.m2\repository\org\apiguardian\apiguardian-api\1.1.2\apiguardian-api-1.1.2.jar;"/>
    <property name="java.vm.vendor" value="Oracle Corporation"/>
    <property name="sun.arch.data.model" value="64"/>
    <property name="user.variant" value=""/>
    <property name="java.vendor.url" value="https://java.oracle.com/"/>
    <property name="user.timezone" value="Africa/Johannesburg"/>
    <property name="os.name" value="Windows 11"/>
    <property name="java.vm.specification.version" value="22"/>
    <property name="user.country" value="ZA"/>
    <property name="sun.java.launcher" value="SUN_STANDARD"/>
    <property name="sun.boot.library.path" value="C:\Program Files\Java\jdk-22\bin"/>
    <property name="sun.java.command" value="C:\Users\thand\AppData\Local\Temp\surefire13438843611038703378\surefirebooter-20241121123227533_3.jar C:\Users\thand\AppData\Local\Temp\surefire13438843611038703378 2024-11-21T12-32-13_752-jvmRun1 surefire-20241121123227533_1tmp surefire_0-20241121123227533_2tmp"/>
    <property name="jdk.debug" value="release"/>
    <property name="surefire.test.class.path" value="C:\Users\thand\OneDrive\Documents\NetBeansProjects\ST10444698 Thando Thuleleni  Maluleke POE Part  1\target\test-classes;C:\Users\thand\OneDrive\Documents\NetBeansProjects\ST10444698 Thando Thuleleni  Maluleke POE Part  1\target\classes;C:\Users\thand\.m2\repository\junit\junit\4.13.2\junit-4.13.2.jar;C:\Users\thand\.m2\repository\org\hamcrest\hamcrest-core\1.3\hamcrest-core-1.3.jar;C:\Users\thand\.m2\repository\com\simple\simplespec_2.10.2\0.8.4\simplespec_2.10.2-0.8.4.jar;C:\Users\thand\.m2\repository\org\scala-lang\scala-library\2.10.2\scala-library-2.10.2.jar;C:\Users\thand\.m2\repository\org\mockito\mockito-all\1.9.5\mockito-all-1.9.5.jar;C:\Users\thand\.m2\repository\org\scalacheck\scalacheck_2.10\1.10.1\scalacheck_2.10-1.10.1.jar;C:\Users\thand\.m2\repository\org\scala-tools\testing\test-interface\0.5\test-interface-0.5.jar;C:\Users\thand\.m2\repository\org\scala-lang\scala-actors\2.10.1\scala-actors-2.10.1.jar;C:\Users\thand\.m2\repository\org\junit\jupiter\junit-jupiter-api\5.11.1\junit-jupiter-api-5.11.1.jar;C:\Users\thand\.m2\repository\org\opentest4j\opentest4j\1.3.0\opentest4j-1.3.0.jar;C:\Users\thand\.m2\repository\org\junit\platform\junit-platform-commons\1.11.1\junit-platform-commons-1.11.1.jar;C:\Users\thand\.m2\repository\org\apiguardian\apiguardian-api\1.1.2\apiguardian-api-1.1.2.jar;"/>
    <property name="sun.cpu.endian" value="little"/>
    <property name="user.home" value="C:\Users\thand"/>
    <property name="user.language" value="en"/>
    <property name="java.specification.vendor" value="Oracle Corporation"/>
    <property name="java.version.date" value="2024-07-16"/>
    <property name="java.home" value="C:\Program Files\Java\jdk-22"/>
    <property name="file.separator" value="\"/>
    <property name="basedir" value="C:\Users\thand\OneDrive\Documents\NetBeansProjects\ST10444698 Thando Thuleleni  Maluleke POE Part  1"/>
    <property name="java.vm.compressedOopsMode" value="32-bit"/>
    <property name="line.separator" value="&#10;"/>
    <property name="java.vm.specification.vendor" value="Oracle Corporation"/>
    <property name="java.specification.name" value="Java Platform API Specification"/>
    <property name="surefire.real.class.path" value="C:\Users\thand\AppData\Local\Temp\surefire13438843611038703378\surefirebooter-20241121123227533_3.jar"/>
    <property name="user.script" value=""/>
    <property name="sun.management.compiler" value="HotSpot 64-Bit Tiered Compilers"/>
    <property name="java.runtime.version" value="22.0.2+9-70"/>
    <property name="user.name" value="thand"/>
    <property name="stdout.encoding" value="Cp1252"/>
    <property name="path.separator" value=";"/>
    <property name="os.version" value="10.0"/>
    <property name="java.runtime.name" value="Java(TM) SE Runtime Environment"/>
    <property name="file.encoding" value="UTF-8"/>
    <property name="java.vm.name" value="Java HotSpot(TM) 64-Bit Server VM"/>
    <property name="maven.ext.class.path" value="C:\Program Files\NetBeans-22\netbeans\java\maven-nblib\netbeans-eventspy.jar"/>
    <property name="localRepository" value="C:\Users\thand\.m2\repository"/>
    <property name="java.vendor.url.bug" value="https://bugreport.java.com/bugreport/"/>
    <property name="java.io.tmpdir" value="C:\Users\thand\AppData\Local\Temp\"/>
    <property name="java.version" value="22.0.2"/>
    <property name="user.dir" value="C:\Users\thand\OneDrive\Documents\NetBeansProjects\ST10444698 Thando Thuleleni  Maluleke POE Part  1"/>
    <property name="os.arch" value="amd64"/>
    <property name="java.vm.specification.name" value="Java Virtual Machine Specification"/>
    <property name="sun.os.patch.level" value=""/>
    <property name="native.encoding" value="Cp1252"/>
    <property name="java.library.path" value="C:\Program Files\Java\jdk-22\bin;C:\WINDOWS\Sun\Java\bin;C:\WINDOWS\system32;C:\WINDOWS;C:\Program Files\Common Files\Oracle\Java\javapath;C:\WINDOWS\system32;C:\WINDOWS;C:\WINDOWS\System32\Wbem;C:\WINDOWS\System32\WindowsPowerShell\v1.0\;C:\WINDOWS\System32\OpenSSH\;C:\Program Files\Java\jdk-22\bin;C:\Program Files\Git\cmd;C:\Users\thand\AppData\Local\Microsoft\WindowsApps;C:\Users\thand\AppData\Local\Programs\Microsoft VS Code\bin;C:\ProgramData\thand\GitHubDesktop\bin;."/>
    <property name="java.vm.info" value="mixed mode, sharing"/>
    <property name="stderr.encoding" value="Cp1252"/>
    <property name="java.vendor" value="Oracle Corporation"/>
    <property name="java.vm.version" value="22.0.2+9-70"/>
    <property name="sun.io.unicode.encoding" value="UnicodeLittle"/>
    <property name="java.class.version" value="66.0"/>
  </properties>
  <testcase name="testReturnLoginStatus_SuccessfulLogin" classname="com.mycompany.projectlogin.loginTest" time="0.725">
    <error message="Cannot assign field &quot;firstName&quot; because &quot;this.loginSystem&quot; is null" type="java.lang.NullPointerException"><![CDATA[java.lang.NullPointerException: Cannot assign field "firstName" because "this.loginSystem" is null
	at com.mycompany.projectlogin.loginTest.testReturnLoginStatus_SuccessfulLogin(loginTest.java:73)
	at java.base/java.lang.reflect.Method.invoke(Method.java:580)
	at java.base/java.util.ArrayList.forEach(ArrayList.java:1597)
	at java.base/java.util.ArrayList.forEach(ArrayList.java:1597)
]]></error>
  </testcase>
  <testcase name="testLoginUser_SuccessfulLogin" classname="com.mycompany.projectlogin.loginTest" time="0.009">
    <error message="Cannot invoke &quot;com.mycompany.projectlogin.login.createAccount(String, String, String, String)&quot; because &quot;this.loginSystem&quot; is null" type="java.lang.NullPointerException"><![CDATA[java.lang.NullPointerException: Cannot invoke "com.mycompany.projectlogin.login.createAccount(String, String, String, String)" because "this.loginSystem" is null
	at com.mycompany.projectlogin.loginTest.testLoginUser_SuccessfulLogin(loginTest.java:61)
	at java.base/java.lang.reflect.Method.invoke(Method.java:580)
	at java.base/java.util.ArrayList.forEach(ArrayList.java:1597)
	at java.base/java.util.ArrayList.forEach(ArrayList.java:1597)
]]></error>
  </testcase>
  <testcase name="testLoginUser_UnsuccessfulLogin" classname="com.mycompany.projectlogin.loginTest" time="0.019">
    <error message="Cannot invoke &quot;com.mycompany.projectlogin.login.createAccount(String, String, String, String)&quot; because &quot;this.loginSystem&quot; is null" type="java.lang.NullPointerException"><![CDATA[java.lang.NullPointerException: Cannot invoke "com.mycompany.projectlogin.login.createAccount(String, String, String, String)" because "this.loginSystem" is null
	at com.mycompany.projectlogin.loginTest.testLoginUser_UnsuccessfulLogin(loginTest.java:67)
	at java.base/java.lang.reflect.Method.invoke(Method.java:580)
	at java.base/java.util.ArrayList.forEach(ArrayList.java:1597)
	at java.base/java.util.ArrayList.forEach(ArrayList.java:1597)
]]></error>
  </testcase>
  <testcase name="testCheckPasswordComplexity_ValidPassword" classname="com.mycompany.projectlogin.loginTest" time="0.02">
    <error message="Cannot assign field &quot;password&quot; because &quot;this.loginSystem&quot; is null" type="java.lang.NullPointerException"><![CDATA[java.lang.NullPointerException: Cannot assign field "password" because "this.loginSystem" is null
	at com.mycompany.projectlogin.loginTest.testCheckPasswordComplexity_ValidPassword(loginTest.java:25)
	at java.base/java.lang.reflect.Method.invoke(Method.java:580)
	at java.base/java.util.ArrayList.forEach(ArrayList.java:1597)
	at java.base/java.util.ArrayList.forEach(ArrayList.java:1597)
]]></error>
  </testcase>
  <testcase name="testRegisterUser_ValidUsernameAndPassword" classname="com.mycompany.projectlogin.loginTest" time="0.016">
    <error message="Cannot assign field &quot;username&quot; because &quot;this.loginSystem&quot; is null" type="java.lang.NullPointerException"><![CDATA[java.lang.NullPointerException: Cannot assign field "username" because "this.loginSystem" is null
	at com.mycompany.projectlogin.loginTest.testRegisterUser_ValidUsernameAndPassword(loginTest.java:37)
	at java.base/java.lang.reflect.Method.invoke(Method.java:580)
	at java.base/java.util.ArrayList.forEach(ArrayList.java:1597)
	at java.base/java.util.ArrayList.forEach(ArrayList.java:1597)
]]></error>
  </testcase>
  <testcase name="testRegisterUser_InvalidUsername" classname="com.mycompany.projectlogin.loginTest" time="0.049">
    <error message="Cannot assign field &quot;username&quot; because &quot;this.loginSystem&quot; is null" type="java.lang.NullPointerException"><![CDATA[java.lang.NullPointerException: Cannot assign field "username" because "this.loginSystem" is null
	at com.mycompany.projectlogin.loginTest.testRegisterUser_InvalidUsername(loginTest.java:45)
	at java.base/java.lang.reflect.Method.invoke(Method.java:580)
	at java.base/java.util.ArrayList.forEach(ArrayList.java:1597)
	at java.base/java.util.ArrayList.forEach(ArrayList.java:1597)
]]></error>
  </testcase>
  <testcase name="testReturnLoginStatus_UnsuccessfulLogin" classname="com.mycompany.projectlogin.loginTest" time="0.073">
    <error message="Cannot invoke &quot;com.mycompany.projectlogin.login.returnLoginStatus(boolean)&quot; because &quot;this.loginSystem&quot; is null" type="java.lang.NullPointerException"><![CDATA[java.lang.NullPointerException: Cannot invoke "com.mycompany.projectlogin.login.returnLoginStatus(boolean)" because "this.loginSystem" is null
	at com.mycompany.projectlogin.loginTest.testReturnLoginStatus_UnsuccessfulLogin(loginTest.java:82)
	at java.base/java.lang.reflect.Method.invoke(Method.java:580)
	at java.base/java.util.ArrayList.forEach(ArrayList.java:1597)
	at java.base/java.util.ArrayList.forEach(ArrayList.java:1597)
]]></error>
  </testcase>
  <testcase name="testCheckUsername_ValidUsername" classname="com.mycompany.projectlogin.loginTest" time="0.012">
    <error message="Cannot assign field &quot;username&quot; because &quot;this.loginSystem&quot; is null" type="java.lang.NullPointerException"><![CDATA[java.lang.NullPointerException: Cannot assign field "username" because "this.loginSystem" is null
	at com.mycompany.projectlogin.loginTest.testCheckUsername_ValidUsername(loginTest.java:13)
	at java.base/java.lang.reflect.Method.invoke(Method.java:580)
	at java.base/java.util.ArrayList.forEach(ArrayList.java:1597)
	at java.base/java.util.ArrayList.forEach(ArrayList.java:1597)
]]></error>
  </testcase>
  <testcase name="testCheckPasswordComplexity_InvalidPassword" classname="com.mycompany.projectlogin.loginTest" time="0.005">
    <error message="Cannot assign field &quot;password&quot; because &quot;this.loginSystem&quot; is null" type="java.lang.NullPointerException"><![CDATA[java.lang.NullPointerException: Cannot assign field "password" because "this.loginSystem" is null
	at com.mycompany.projectlogin.loginTest.testCheckPasswordComplexity_InvalidPassword(loginTest.java:31)
	at java.base/java.lang.reflect.Method.invoke(Method.java:580)
	at java.base/java.util.ArrayList.forEach(ArrayList.java:1597)
	at java.base/java.util.ArrayList.forEach(ArrayList.java:1597)
]]></error>
  </testcase>
  <testcase name="testRegisterUser_InvalidPassword" classname="com.mycompany.projectlogin.loginTest" time="0.04">
    <error message="Cannot assign field &quot;username&quot; because &quot;this.loginSystem&quot; is null" type="java.lang.NullPointerException"><![CDATA[java.lang.NullPointerException: Cannot assign field "username" because "this.loginSystem" is null
	at com.mycompany.projectlogin.loginTest.testRegisterUser_InvalidPassword(loginTest.java:53)
	at java.base/java.lang.reflect.Method.invoke(Method.java:580)
	at java.base/java.util.ArrayList.forEach(ArrayList.java:1597)
	at java.base/java.util.ArrayList.forEach(ArrayList.java:1597)
]]></error>
  </testcase>
  <testcase name="testCheckUsername_InvalidUsername" classname="com.mycompany.projectlogin.loginTest" time="0.008">
    <error message="Cannot assign field &quot;username&quot; because &quot;this.loginSystem&quot; is null" type="java.lang.NullPointerException"><![CDATA[java.lang.NullPointerException: Cannot assign field "username" because "this.loginSystem" is null
	at com.mycompany.projectlogin.loginTest.testCheckUsername_InvalidUsername(loginTest.java:19)
	at java.base/java.lang.reflect.Method.invoke(Method.java:580)
	at java.base/java.util.ArrayList.forEach(ArrayList.java:1597)
	at java.base/java.util.ArrayList.forEach(ArrayList.java:1597)
]]></error>
  </testcase>
</testsuite>